<!DOCTYPE html>

<html>
  <head>
  <meta charset='utf-8'>
  <title>TestNG reports</title>

    <link type="text/css" href="testng-reports1.css" rel="stylesheet" id="ultra" />
    <link type="text/css" href="testng-reports.css" rel="stylesheet" id="retro" disabled="false"/>
    <script type="text/javascript" src="jquery-3.6.0.min.js"></script>
    <script type="text/javascript" src="testng-reports.js"></script>
    <script type="text/javascript" src="https://www.google.com/jsapi"></script>
    <script type='text/javascript'>
      google.load('visualization', '1', {packages:['table']});
      google.setOnLoadCallback(drawTable);
      var suiteTableInitFunctions = new Array();
      var suiteTableData = new Array();
    </script>
    <!--
      <script type="text/javascript" src="jquery-ui/js/jquery-ui-1.8.16.custom.min.js"></script>
     -->
  </head>

  <body>    <div class="top-banner-root">
      <span class="top-banner-title-font">Test results</span>
      <button id="button" class="button">Switch Retro Theme</button> <!-- button -->
      <br/>
      <span class="top-banner-font-1">1 suite, 7 failed tests</span>
    </div> <!-- top-banner-root -->
    <div class="navigator-root">
      <div class="navigator-suite-header">
        <span>All suites</span>
        <a href="#" title="Collapse/expand all the suites" class="collapse-all-link">
          <img src="collapseall.gif" class="collapse-all-icon">
          </img> <!-- collapse-all-icon -->
        </a> <!-- collapse-all-link -->
      </div> <!-- navigator-suite-header -->
      <div class="suite">
        <div class="rounded-window">
          <div class="suite-header light-rounded-window-top">
            <a href="#" panel-name="suite-Suite" class="navigator-link">
              <span class="suite-name border-failed">Suite</span>
            </a> <!-- navigator-link -->
          </div> <!-- suite-header light-rounded-window-top -->
          <div class="navigator-suite-content">
            <div class="suite-section-title">
              <span>Info</span>
            </div> <!-- suite-section-title -->
            <div class="suite-section-content">
              <ul>
                <li>
                  <a href="#" panel-name="test-xml-Suite" class="navigator-link ">
                    <span>C:\Users\hajir\git\SampleRepo\qalegend\testng.xml</span>
                  </a> <!-- navigator-link  -->
                </li>
                <li>
                  <a href="#" panel-name="testlist-Suite" class="navigator-link ">
                    <span class="test-stats">1 test</span>
                  </a> <!-- navigator-link  -->
                </li>
                <li>
                  <a href="#" panel-name="group-Suite" class="navigator-link ">
                    <span>0 groups</span>
                  </a> <!-- navigator-link  -->
                </li>
                <li>
                  <a href="#" panel-name="times-Suite" class="navigator-link ">
                    <span>Times</span>
                  </a> <!-- navigator-link  -->
                </li>
                <li>
                  <a href="#" panel-name="reporter-Suite" class="navigator-link ">
                    <span>Reporter output</span>
                  </a> <!-- navigator-link  -->
                </li>
                <li>
                  <a href="#" panel-name="ignored-methods-Suite" class="navigator-link ">
                    <span>Ignored methods</span>
                  </a> <!-- navigator-link  -->
                </li>
                <li>
                  <a href="#" panel-name="chronological-Suite" class="navigator-link ">
                    <span>Chronological view</span>
                  </a> <!-- navigator-link  -->
                </li>
              </ul>
            </div> <!-- suite-section-content -->
            <div class="result-section">
              <div class="suite-section-title">
                <span>Results</span>
              </div> <!-- suite-section-title -->
              <div class="suite-section-content">
                <ul>
                  <li>
                    <span class="method-stats">10 methods, 7 failed,   3 passed</span>
                  </li>
                  <li>
                    <span class="method-list-title failed">Failed methods</span>
                    <span class="show-or-hide-methods failed">
                      <a href="#" panel-name="suite-Suite" class="hide-methods failed suite-Suite"> (hide)</a> <!-- hide-methods failed suite-Suite -->
                      <a href="#" panel-name="suite-Suite" class="show-methods failed suite-Suite"> (show)</a> <!-- show-methods failed suite-Suite -->
                    </span>
                    <div class="method-list-content failed suite-Suite">
                      <span>
                        <img src="failed.png" width="3%"/>
                        <a href="#" panel-name="suite-Suite" title="Testscript.QALegendClientsTest" class="method navigator-link" hash-for-method="addAlphabetZipCode">addAlphabetZipCode</a> <!-- method navigator-link -->
                      </span>
                      <br/>
                      <span>
                        <img src="failed.png" width="3%"/>
                        <a href="#" panel-name="suite-Suite" title="Testscript.QALegendFinanceTest" class="method navigator-link" hash-for-method="addExpensesFinance">addExpensesFinance</a> <!-- method navigator-link -->
                      </span>
                      <br/>
                      <span>
                        <img src="failed.png" width="3%"/>
                        <a href="#" panel-name="suite-Suite" title="Testscript.QALegendProjectTest" class="method navigator-link" hash-for-method="addNewproject">addNewproject</a> <!-- method navigator-link -->
                      </span>
                      <br/>
                      <span>
                        <img src="failed.png" width="3%"/>
                        <a href="#" panel-name="suite-Suite" title="Testscript.QALegendItemsTest" class="method navigator-link" hash-for-method="additem">additem</a> <!-- method navigator-link -->
                      </span>
                      <br/>
                      <span>
                        <img src="failed.png" width="3%"/>
                        <a href="#" panel-name="suite-Suite" title="Testscript.QALegendItemsTest" class="method navigator-link" hash-for-method="deleteItem">deleteItem</a> <!-- method navigator-link -->
                      </span>
                      <br/>
                      <span>
                        <img src="failed.png" width="3%"/>
                        <a href="#" panel-name="suite-Suite" title="Testscript.QALegendTicketsTest" class="method navigator-link" hash-for-method="deleteTicket">deleteTicket</a> <!-- method navigator-link -->
                      </span>
                      <br/>
                      <span>
                        <img src="failed.png" width="3%"/>
                        <a href="#" panel-name="suite-Suite" title="Testscript.QALegendClientsTest" class="method navigator-link" hash-for-method="editClientsDetials">editClientsDetials</a> <!-- method navigator-link -->
                      </span>
                      <br/>
                    </div> <!-- method-list-content failed suite-Suite -->
                  </li>
                  <li>
                    <span class="method-list-title passed">Passed methods</span>
                    <span class="show-or-hide-methods passed">
                      <a href="#" panel-name="suite-Suite" class="hide-methods passed suite-Suite"> (hide)</a> <!-- hide-methods passed suite-Suite -->
                      <a href="#" panel-name="suite-Suite" class="show-methods passed suite-Suite"> (show)</a> <!-- show-methods passed suite-Suite -->
                    </span>
                    <div class="method-list-content passed suite-Suite">
                      <span>
                        <img src="passed.png" width="3%"/>
                        <a href="#" panel-name="suite-Suite" title="Testscript.QALegendEstimateTest" class="method navigator-link" hash-for-method="addEstimateForm">addEstimateForm</a> <!-- method navigator-link -->
                      </span>
                      <br/>
                      <span>
                        <img src="passed.png" width="3%"/>
                        <a href="#" panel-name="suite-Suite" title="Testscript.QALegendNoteTest" class="method navigator-link" hash-for-method="addNote">addNote</a> <!-- method navigator-link -->
                      </span>
                      <br/>
                      <span>
                        <img src="passed.png" width="3%"/>
                        <a href="#" panel-name="suite-Suite" title="Testscript.QALegendInvoiceTest" class="method navigator-link" hash-for-method="invoicepayment">invoicepayment</a> <!-- method navigator-link -->
                      </span>
                      <br/>
                    </div> <!-- method-list-content passed suite-Suite -->
                  </li>
                </ul>
              </div> <!-- suite-section-content -->
            </div> <!-- result-section -->
          </div> <!-- navigator-suite-content -->
        </div> <!-- rounded-window -->
      </div> <!-- suite -->
    </div> <!-- navigator-root -->
    <div class="wrapper">
      <div class="main-panel-root">
        <div panel-name="suite-Suite" class="panel Suite">
          <div class="suite-Suite-class-failed">
            <div class="main-panel-header rounded-window-top">
              <img src="failed.png"/>
              <span class="class-name">Testscript.QALegendClientsTest</span>
            </div> <!-- main-panel-header rounded-window-top -->
            <div class="main-panel-content rounded-window-bottom">
              <div class="method">
                <div class="method-content">
                  <a name="addAlphabetZipCode">
                  </a> <!-- addAlphabetZipCode -->
                  <span class="method-name">addAlphabetZipCode</span>
                  <div class="stack-trace">java.lang.AssertionError: expected [asd9947] but found []
	at Testscript.QALegendClientsTest.addAlphabetZipCode(QALegendClientsTest.java:51)
	at java.base/java.util.ArrayList.forEach(ArrayList.java:1511)
... Removed 37 stack frames
</div> <!-- stack-trace -->
                </div> <!-- method-content -->
              </div> <!-- method -->
              <div class="method">
                <div class="method-content">
                  <a name="editClientsDetials">
                  </a> <!-- editClientsDetials -->
                  <span class="method-name">editClientsDetials</span>
                  <div class="stack-trace">org.openqa.selenium.ElementNotInteractableException: element not interactable
  (Session info: chrome=131.0.6778.87)
Build info: version: &apos;4.25.0&apos;, revision: &apos;8a8aea2337&apos;
System info: os.name: &apos;Windows 11&apos;, os.arch: &apos;amd64&apos;, os.version: &apos;10.0&apos;, java.version: &apos;17.0.11&apos;
Driver info: org.openqa.selenium.chrome.ChromeDriver
Command: [d371e290cf10e8bcb7313c20ced65151, sendKeysToElement {value=[Ljava.lang.CharSequence;@417ad4f3, id=f.38AB17297CCE11BE78C72C6C67884E78.d.2E004315EEAFBCAB9E9666EC991419E7.e.57}]
Capabilities {acceptInsecureCerts: false, browserName: chrome, browserVersion: 131.0.6778.87, chrome: {chromedriverVersion: 131.0.6778.108 (3b014839fbc..., userDataDir: C:\Users\hajir\AppData\Loca...}, fedcm:accounts: true, goog:chromeOptions: {debuggerAddress: localhost:65181}, networkConnectionEnabled: false, pageLoadStrategy: normal, platformName: windows, proxy: Proxy(), se:cdp: ws://localhost:65181/devtoo..., se:cdpVersion: 131.0.6778.87, setWindowRect: true, strictFileInteractability: false, timeouts: {implicit: 0, pageLoad: 300000, script: 30000}, unhandledPromptBehavior: dismiss and notify, webauthn:extension:credBlob: true, webauthn:extension:largeBlob: true, webauthn:extension:minPinLength: true, webauthn:extension:prf: true, webauthn:virtualAuthenticators: true}
Element: [[ChromeDriver: chrome on windows (d371e290cf10e8bcb7313c20ced65151)] -&gt; xpath: //div[@class=&apos;dataTables_filter&apos;]//child::input]
Session ID: d371e290cf10e8bcb7313c20ced65151
	at org.openqa.selenium.remote.ErrorCodec.decode(ErrorCodec.java:167)
	at org.openqa.selenium.remote.codec.w3c.W3CHttpResponseCodec.decode(W3CHttpResponseCodec.java:138)
	at org.openqa.selenium.remote.codec.w3c.W3CHttpResponseCodec.decode(W3CHttpResponseCodec.java:50)
	at org.openqa.selenium.remote.HttpCommandExecutor.execute(HttpCommandExecutor.java:190)
	at org.openqa.selenium.remote.service.DriverCommandExecutor.invokeExecute(DriverCommandExecutor.java:216)
	at org.openqa.selenium.remote.service.DriverCommandExecutor.execute(DriverCommandExecutor.java:174)
	at org.openqa.selenium.remote.RemoteWebDriver.execute(RemoteWebDriver.java:545)
	at org.openqa.selenium.remote.RemoteWebElement.execute(RemoteWebElement.java:223)
	at org.openqa.selenium.remote.RemoteWebElement.sendKeys(RemoteWebElement.java:110)
	at org.openqa.selenium.support.pagefactory.internal.LocatingElementHandler.invoke(LocatingElementHandler.java:51)
	at jdk.proxy2/jdk.proxy2.$Proxy10.sendKeys(Unknown Source)
	at Utilities.PageUtilities.enterTextOnWebelement(PageUtilities.java:24)
	at Pages.QALegendClientsPage.clickOnSearchButton(QALegendClientsPage.java:54)
	at Testscript.QALegendClientsTest.editClientsDetials(QALegendClientsTest.java:22)
	at java.base/java.util.ArrayList.forEach(ArrayList.java:1511)
... Removed 40 stack frames
</div> <!-- stack-trace -->
                </div> <!-- method-content -->
              </div> <!-- method -->
            </div> <!-- main-panel-content rounded-window-bottom -->
          </div> <!-- suite-Suite-class-failed -->
          <div class="suite-Suite-class-failed">
            <div class="main-panel-header rounded-window-top">
              <img src="failed.png"/>
              <span class="class-name">Testscript.QALegendFinanceTest</span>
            </div> <!-- main-panel-header rounded-window-top -->
            <div class="main-panel-content rounded-window-bottom">
              <div class="method">
                <div class="method-content">
                  <a name="addExpensesFinance">
                  </a> <!-- addExpensesFinance -->
                  <span class="method-name">addExpensesFinance</span>
                  <div class="stack-trace">java.lang.AssertionError: expected [10008332] but found [$10,008,332.00]
	at Testscript.QALegendFinanceTest.addExpensesFinance(QALegendFinanceTest.java:24)
	at java.base/java.util.ArrayList.forEach(ArrayList.java:1511)
... Removed 37 stack frames
</div> <!-- stack-trace -->
                </div> <!-- method-content -->
              </div> <!-- method -->
            </div> <!-- main-panel-content rounded-window-bottom -->
          </div> <!-- suite-Suite-class-failed -->
          <div class="suite-Suite-class-failed">
            <div class="main-panel-header rounded-window-top">
              <img src="failed.png"/>
              <span class="class-name">Testscript.QALegendProjectTest</span>
            </div> <!-- main-panel-header rounded-window-top -->
            <div class="main-panel-content rounded-window-bottom">
              <div class="method">
                <div class="method-content">
                  <a name="addNewproject">
                  </a> <!-- addNewproject -->
                  <span class="method-name">addNewproject</span>
                  <div class="stack-trace">org.openqa.selenium.ElementNotInteractableException: element not interactable
  (Session info: chrome=131.0.6778.87)
Build info: version: &apos;4.25.0&apos;, revision: &apos;8a8aea2337&apos;
System info: os.name: &apos;Windows 11&apos;, os.arch: &apos;amd64&apos;, os.version: &apos;10.0&apos;, java.version: &apos;17.0.11&apos;
Driver info: org.openqa.selenium.chrome.ChromeDriver
Command: [f2fe65c54fe7ccadc38d0e0891cf76b2, sendKeysToElement {value=[Ljava.lang.CharSequence;@4fb392c4, id=f.AD942C2E491F857DE6215A301DB96963.d.4F87775B72CA270593ED76296B7D38EA.e.77}]
Capabilities {acceptInsecureCerts: false, browserName: chrome, browserVersion: 131.0.6778.87, chrome: {chromedriverVersion: 131.0.6778.108 (3b014839fbc..., userDataDir: C:\Users\hajir\AppData\Loca...}, fedcm:accounts: true, goog:chromeOptions: {debuggerAddress: localhost:65301}, networkConnectionEnabled: false, pageLoadStrategy: normal, platformName: windows, proxy: Proxy(), se:cdp: ws://localhost:65301/devtoo..., se:cdpVersion: 131.0.6778.87, setWindowRect: true, strictFileInteractability: false, timeouts: {implicit: 0, pageLoad: 300000, script: 30000}, unhandledPromptBehavior: dismiss and notify, webauthn:extension:credBlob: true, webauthn:extension:largeBlob: true, webauthn:extension:minPinLength: true, webauthn:extension:prf: true, webauthn:virtualAuthenticators: true}
Element: [[ChromeDriver: chrome on windows (f2fe65c54fe7ccadc38d0e0891cf76b2)] -&gt; xpath: //div[@class=&apos;dataTables_filter&apos;]//child::input]
Session ID: f2fe65c54fe7ccadc38d0e0891cf76b2
	at org.openqa.selenium.remote.ErrorCodec.decode(ErrorCodec.java:167)
	at org.openqa.selenium.remote.codec.w3c.W3CHttpResponseCodec.decode(W3CHttpResponseCodec.java:138)
	at org.openqa.selenium.remote.codec.w3c.W3CHttpResponseCodec.decode(W3CHttpResponseCodec.java:50)
	at org.openqa.selenium.remote.HttpCommandExecutor.execute(HttpCommandExecutor.java:190)
	at org.openqa.selenium.remote.service.DriverCommandExecutor.invokeExecute(DriverCommandExecutor.java:216)
	at org.openqa.selenium.remote.service.DriverCommandExecutor.execute(DriverCommandExecutor.java:174)
	at org.openqa.selenium.remote.RemoteWebDriver.execute(RemoteWebDriver.java:545)
	at org.openqa.selenium.remote.RemoteWebElement.execute(RemoteWebElement.java:223)
	at org.openqa.selenium.remote.RemoteWebElement.sendKeys(RemoteWebElement.java:110)
	at org.openqa.selenium.support.pagefactory.internal.LocatingElementHandler.invoke(LocatingElementHandler.java:51)
	at jdk.proxy2/jdk.proxy2.$Proxy10.sendKeys(Unknown Source)
	at Pages.QALegendProjectPage.clickOnSearchButton(QALegendProjectPage.java:50)
	at Testscript.QALegendProjectTest.addNewproject(QALegendProjectTest.java:22)
	at java.base/java.util.ArrayList.forEach(ArrayList.java:1511)
... Removed 39 stack frames
</div> <!-- stack-trace -->
                </div> <!-- method-content -->
              </div> <!-- method -->
            </div> <!-- main-panel-content rounded-window-bottom -->
          </div> <!-- suite-Suite-class-failed -->
          <div class="suite-Suite-class-failed">
            <div class="main-panel-header rounded-window-top">
              <img src="failed.png"/>
              <span class="class-name">Testscript.QALegendItemsTest</span>
            </div> <!-- main-panel-header rounded-window-top -->
            <div class="main-panel-content rounded-window-bottom">
              <div class="method">
                <div class="method-content">
                  <a name="additem">
                  </a> <!-- additem -->
                  <span class="method-name">additem</span>
                  <div class="stack-trace">org.openqa.selenium.ElementNotInteractableException: element not interactable
  (Session info: chrome=131.0.6778.87)
Build info: version: &apos;4.25.0&apos;, revision: &apos;8a8aea2337&apos;
System info: os.name: &apos;Windows 11&apos;, os.arch: &apos;amd64&apos;, os.version: &apos;10.0&apos;, java.version: &apos;17.0.11&apos;
Driver info: org.openqa.selenium.chrome.ChromeDriver
Command: [53dd2348c8ecce371d772cfde9525c04, sendKeysToElement {value=[Ljava.lang.CharSequence;@81b5db0, id=f.FC9956494F3082B87F65942BACFF56B8.d.070F0AD107AFCB4ACF2DC518B356C65B.e.43}]
Capabilities {acceptInsecureCerts: false, browserName: chrome, browserVersion: 131.0.6778.87, chrome: {chromedriverVersion: 131.0.6778.108 (3b014839fbc..., userDataDir: C:\Users\hajir\AppData\Loca...}, fedcm:accounts: true, goog:chromeOptions: {debuggerAddress: localhost:65246}, networkConnectionEnabled: false, pageLoadStrategy: normal, platformName: windows, proxy: Proxy(), se:cdp: ws://localhost:65246/devtoo..., se:cdpVersion: 131.0.6778.87, setWindowRect: true, strictFileInteractability: false, timeouts: {implicit: 0, pageLoad: 300000, script: 30000}, unhandledPromptBehavior: dismiss and notify, webauthn:extension:credBlob: true, webauthn:extension:largeBlob: true, webauthn:extension:minPinLength: true, webauthn:extension:prf: true, webauthn:virtualAuthenticators: true}
Element: [[ChromeDriver: chrome on windows (53dd2348c8ecce371d772cfde9525c04)] -&gt; xpath: //div[@class=&apos;dataTables_filter&apos;]//child::input]
Session ID: 53dd2348c8ecce371d772cfde9525c04
	at org.openqa.selenium.remote.ErrorCodec.decode(ErrorCodec.java:167)
	at org.openqa.selenium.remote.codec.w3c.W3CHttpResponseCodec.decode(W3CHttpResponseCodec.java:138)
	at org.openqa.selenium.remote.codec.w3c.W3CHttpResponseCodec.decode(W3CHttpResponseCodec.java:50)
	at org.openqa.selenium.remote.HttpCommandExecutor.execute(HttpCommandExecutor.java:190)
	at org.openqa.selenium.remote.service.DriverCommandExecutor.invokeExecute(DriverCommandExecutor.java:216)
	at org.openqa.selenium.remote.service.DriverCommandExecutor.execute(DriverCommandExecutor.java:174)
	at org.openqa.selenium.remote.RemoteWebDriver.execute(RemoteWebDriver.java:545)
	at org.openqa.selenium.remote.RemoteWebElement.execute(RemoteWebElement.java:223)
	at org.openqa.selenium.remote.RemoteWebElement.sendKeys(RemoteWebElement.java:110)
	at org.openqa.selenium.support.pagefactory.internal.LocatingElementHandler.invoke(LocatingElementHandler.java:51)
	at jdk.proxy2/jdk.proxy2.$Proxy10.sendKeys(Unknown Source)
	at Pages.QALegendItemPage.enterNewlyAddedTitleOnSearchBox(QALegendItemPage.java:64)
	at Testscript.QALegendItemsTest.additem(QALegendItemsTest.java:36)
	at java.base/java.util.ArrayList.forEach(ArrayList.java:1511)
... Removed 39 stack frames
</div> <!-- stack-trace -->
                </div> <!-- method-content -->
              </div> <!-- method -->
              <div class="method">
                <div class="method-content">
                  <a name="deleteItem">
                  </a> <!-- deleteItem -->
                  <span class="method-name">deleteItem</span>
                  <div class="stack-trace">org.openqa.selenium.ElementNotInteractableException: element not interactable
  (Session info: chrome=131.0.6778.87)
Build info: version: &apos;4.25.0&apos;, revision: &apos;8a8aea2337&apos;
System info: os.name: &apos;Windows 11&apos;, os.arch: &apos;amd64&apos;, os.version: &apos;10.0&apos;, java.version: &apos;17.0.11&apos;
Driver info: org.openqa.selenium.chrome.ChromeDriver
Command: [0989d8e0def43decfe891fcd7cc71d3f, sendKeysToElement {value=[Ljava.lang.CharSequence;@58ff8d79, id=f.C63D95E9AF79361E1E30CE881622F206.d.9F620A80E174D8F34799995AF194C0F1.e.42}]
Capabilities {acceptInsecureCerts: false, browserName: chrome, browserVersion: 131.0.6778.87, chrome: {chromedriverVersion: 131.0.6778.108 (3b014839fbc..., userDataDir: C:\Users\hajir\AppData\Loca...}, fedcm:accounts: true, goog:chromeOptions: {debuggerAddress: localhost:65264}, networkConnectionEnabled: false, pageLoadStrategy: normal, platformName: windows, proxy: Proxy(), se:cdp: ws://localhost:65264/devtoo..., se:cdpVersion: 131.0.6778.87, setWindowRect: true, strictFileInteractability: false, timeouts: {implicit: 0, pageLoad: 300000, script: 30000}, unhandledPromptBehavior: dismiss and notify, webauthn:extension:credBlob: true, webauthn:extension:largeBlob: true, webauthn:extension:minPinLength: true, webauthn:extension:prf: true, webauthn:virtualAuthenticators: true}
Element: [[ChromeDriver: chrome on windows (0989d8e0def43decfe891fcd7cc71d3f)] -&gt; xpath: //div[@class=&apos;dataTables_filter&apos;]//child::input]
Session ID: 0989d8e0def43decfe891fcd7cc71d3f
	at org.openqa.selenium.remote.ErrorCodec.decode(ErrorCodec.java:167)
	at org.openqa.selenium.remote.codec.w3c.W3CHttpResponseCodec.decode(W3CHttpResponseCodec.java:138)
	at org.openqa.selenium.remote.codec.w3c.W3CHttpResponseCodec.decode(W3CHttpResponseCodec.java:50)
	at org.openqa.selenium.remote.HttpCommandExecutor.execute(HttpCommandExecutor.java:190)
	at org.openqa.selenium.remote.service.DriverCommandExecutor.invokeExecute(DriverCommandExecutor.java:216)
	at org.openqa.selenium.remote.service.DriverCommandExecutor.execute(DriverCommandExecutor.java:174)
	at org.openqa.selenium.remote.RemoteWebDriver.execute(RemoteWebDriver.java:545)
	at org.openqa.selenium.remote.RemoteWebElement.execute(RemoteWebElement.java:223)
	at org.openqa.selenium.remote.RemoteWebElement.sendKeys(RemoteWebElement.java:110)
	at org.openqa.selenium.support.pagefactory.internal.LocatingElementHandler.invoke(LocatingElementHandler.java:51)
	at jdk.proxy2/jdk.proxy2.$Proxy10.sendKeys(Unknown Source)
	at Pages.QALegendItemPage.enterNewlyAddedTitleOnSearchBox(QALegendItemPage.java:64)
	at Testscript.QALegendItemsTest.deleteItem(QALegendItemsTest.java:21)
	at java.base/java.util.ArrayList.forEach(ArrayList.java:1511)
... Removed 39 stack frames
</div> <!-- stack-trace -->
                </div> <!-- method-content -->
              </div> <!-- method -->
            </div> <!-- main-panel-content rounded-window-bottom -->
          </div> <!-- suite-Suite-class-failed -->
          <div class="suite-Suite-class-failed">
            <div class="main-panel-header rounded-window-top">
              <img src="failed.png"/>
              <span class="class-name">Testscript.QALegendTicketsTest</span>
            </div> <!-- main-panel-header rounded-window-top -->
            <div class="main-panel-content rounded-window-bottom">
              <div class="method">
                <div class="method-content">
                  <a name="deleteTicket">
                  </a> <!-- deleteTicket -->
                  <span class="method-name">deleteTicket</span>
                  <div class="stack-trace">org.openqa.selenium.ElementClickInterceptedException: element click intercepted: Element &lt;input type=&quot;search&quot; class=&quot;&quot; placeholder=&quot;Search&quot; aria-controls=&quot;ticket-table&quot;&gt; is not clickable at point (1400, 156). Other element would receive the click: &lt;div class=&quot;modal in&quot; id=&quot;ajaxModal&quot; tabindex=&quot;-1&quot; role=&quot;dialog&quot; aria-labelledby=&quot;ajaxModal&quot; aria-hidden=&quot;true&quot; style=&quot;display: block;&quot;&gt;...&lt;/div&gt;
  (Session info: chrome=131.0.6778.87)
Build info: version: &apos;4.25.0&apos;, revision: &apos;8a8aea2337&apos;
System info: os.name: &apos;Windows 11&apos;, os.arch: &apos;amd64&apos;, os.version: &apos;10.0&apos;, java.version: &apos;17.0.11&apos;
Driver info: org.openqa.selenium.chrome.ChromeDriver
Command: [e0566a4d652b98896654a4dee60f4047, clickElement {id=f.9BBA8A96EE0B17C2E27E45512561557C.d.BA213CF4B27A1EAEABF50F29F6053152.e.60}]
Capabilities {acceptInsecureCerts: false, browserName: chrome, browserVersion: 131.0.6778.87, chrome: {chromedriverVersion: 131.0.6778.108 (3b014839fbc..., userDataDir: C:\Users\hajir\AppData\Loca...}, fedcm:accounts: true, goog:chromeOptions: {debuggerAddress: localhost:65330}, networkConnectionEnabled: false, pageLoadStrategy: normal, platformName: windows, proxy: Proxy(), se:cdp: ws://localhost:65330/devtoo..., se:cdpVersion: 131.0.6778.87, setWindowRect: true, strictFileInteractability: false, timeouts: {implicit: 0, pageLoad: 300000, script: 30000}, unhandledPromptBehavior: dismiss and notify, webauthn:extension:credBlob: true, webauthn:extension:largeBlob: true, webauthn:extension:minPinLength: true, webauthn:extension:prf: true, webauthn:virtualAuthenticators: true}
Element: [[ChromeDriver: chrome on windows (e0566a4d652b98896654a4dee60f4047)] -&gt; xpath: //div[@class=&apos;dataTables_filter&apos;]//descendant::input]
Session ID: e0566a4d652b98896654a4dee60f4047
	at org.openqa.selenium.remote.ErrorCodec.decode(ErrorCodec.java:167)
	at org.openqa.selenium.remote.codec.w3c.W3CHttpResponseCodec.decode(W3CHttpResponseCodec.java:138)
	at org.openqa.selenium.remote.codec.w3c.W3CHttpResponseCodec.decode(W3CHttpResponseCodec.java:50)
	at org.openqa.selenium.remote.HttpCommandExecutor.execute(HttpCommandExecutor.java:190)
	at org.openqa.selenium.remote.service.DriverCommandExecutor.invokeExecute(DriverCommandExecutor.java:216)
	at org.openqa.selenium.remote.service.DriverCommandExecutor.execute(DriverCommandExecutor.java:174)
	at org.openqa.selenium.remote.RemoteWebDriver.execute(RemoteWebDriver.java:545)
	at org.openqa.selenium.remote.RemoteWebElement.execute(RemoteWebElement.java:223)
	at org.openqa.selenium.remote.RemoteWebElement.click(RemoteWebElement.java:76)
	at org.openqa.selenium.support.pagefactory.internal.LocatingElementHandler.invoke(LocatingElementHandler.java:51)
	at jdk.proxy2/jdk.proxy2.$Proxy10.click(Unknown Source)
	at Pages.QALegendTicketsPage.clicOnSearchBox(QALegendTicketsPage.java:59)
	at Testscript.QALegendTicketsTest.deleteTicket(QALegendTicketsTest.java:23)
	at java.base/java.util.ArrayList.forEach(ArrayList.java:1511)
... Removed 39 stack frames
</div> <!-- stack-trace -->
                </div> <!-- method-content -->
              </div> <!-- method -->
            </div> <!-- main-panel-content rounded-window-bottom -->
          </div> <!-- suite-Suite-class-failed -->
          <div class="suite-Suite-class-passed">
            <div class="main-panel-header rounded-window-top">
              <img src="passed.png"/>
              <span class="class-name">Testscript.QALegendEstimateTest</span>
            </div> <!-- main-panel-header rounded-window-top -->
            <div class="main-panel-content rounded-window-bottom">
              <div class="method">
                <div class="method-content">
                  <a name="addEstimateForm">
                  </a> <!-- addEstimateForm -->
                  <span class="method-name">addEstimateForm</span>
                </div> <!-- method-content -->
              </div> <!-- method -->
            </div> <!-- main-panel-content rounded-window-bottom -->
          </div> <!-- suite-Suite-class-passed -->
          <div class="suite-Suite-class-passed">
            <div class="main-panel-header rounded-window-top">
              <img src="passed.png"/>
              <span class="class-name">Testscript.QALegendInvoiceTest</span>
            </div> <!-- main-panel-header rounded-window-top -->
            <div class="main-panel-content rounded-window-bottom">
              <div class="method">
                <div class="method-content">
                  <a name="invoicepayment">
                  </a> <!-- invoicepayment -->
                  <span class="method-name">invoicepayment</span>
                </div> <!-- method-content -->
              </div> <!-- method -->
            </div> <!-- main-panel-content rounded-window-bottom -->
          </div> <!-- suite-Suite-class-passed -->
          <div class="suite-Suite-class-passed">
            <div class="main-panel-header rounded-window-top">
              <img src="passed.png"/>
              <span class="class-name">Testscript.QALegendNoteTest</span>
            </div> <!-- main-panel-header rounded-window-top -->
            <div class="main-panel-content rounded-window-bottom">
              <div class="method">
                <div class="method-content">
                  <a name="addNote">
                  </a> <!-- addNote -->
                  <span class="method-name">addNote</span>
                </div> <!-- method-content -->
              </div> <!-- method -->
            </div> <!-- main-panel-content rounded-window-bottom -->
          </div> <!-- suite-Suite-class-passed -->
        </div> <!-- panel Suite -->
        <div panel-name="test-xml-Suite" class="panel">
          <div class="main-panel-header rounded-window-top">
            <span class="header-content">C:\Users\hajir\git\SampleRepo\qalegend\testng.xml</span>
          </div> <!-- main-panel-header rounded-window-top -->
          <div class="main-panel-content rounded-window-bottom">
            <pre>
&lt;?xml version=&quot;1.0&quot; encoding=&quot;UTF-8&quot;?&gt;
&lt;!DOCTYPE suite SYSTEM &quot;https://testng.org/testng-1.0.dtd&quot;&gt;
&lt;suite name=&quot;Suite&quot; verbose=&quot;0&quot;&gt;
  &lt;parameter name=&quot;browser&quot; value=&quot;chrome&quot;/&gt;
  &lt;listeners&gt;
    &lt;listener class-name=&quot;Testscript.Listeners&quot;/&gt;
  &lt;/listeners&gt;
  &lt;test thread-count=&quot;5&quot; name=&quot;Test&quot; verbose=&quot;0&quot;&gt;
    &lt;classes&gt;
      &lt;class name=&quot;Testscript.QALegendClientsTest&quot;&gt;
        &lt;methods&gt;
          &lt;include name=&quot;editClientsDetials&quot;/&gt;
        &lt;/methods&gt;
      &lt;/class&gt; &lt;!-- Testscript.QALegendClientsTest --&gt;
      &lt;class name=&quot;Testscript.QALegendClientsTest&quot;&gt;
        &lt;methods&gt;
          &lt;include name=&quot;addAlphabetZipCode&quot;/&gt;
        &lt;/methods&gt;
      &lt;/class&gt; &lt;!-- Testscript.QALegendClientsTest --&gt;
      &lt;class name=&quot;Testscript.QALegendEstimateTest&quot;&gt;
        &lt;methods&gt;
          &lt;include name=&quot;addEstimateForm&quot;/&gt;
        &lt;/methods&gt;
      &lt;/class&gt; &lt;!-- Testscript.QALegendEstimateTest --&gt;
      &lt;class name=&quot;Testscript.QALegendFinanceTest&quot;&gt;
        &lt;methods&gt;
          &lt;include name=&quot;addExpensesFinance&quot;/&gt;
        &lt;/methods&gt;
      &lt;/class&gt; &lt;!-- Testscript.QALegendFinanceTest --&gt;
      &lt;class name=&quot;Testscript.QALegendInvoiceTest&quot;&gt;
        &lt;methods&gt;
          &lt;include name=&quot;invoicepayment&quot;/&gt;
        &lt;/methods&gt;
      &lt;/class&gt; &lt;!-- Testscript.QALegendInvoiceTest --&gt;
      &lt;class name=&quot;Testscript.QALegendItemsTest&quot;&gt;
        &lt;methods&gt;
          &lt;include name=&quot;deleteItem&quot;/&gt;
        &lt;/methods&gt;
      &lt;/class&gt; &lt;!-- Testscript.QALegendItemsTest --&gt;
      &lt;class name=&quot;Testscript.QALegendItemsTest&quot;&gt;
        &lt;methods&gt;
          &lt;include name=&quot;additem&quot;/&gt;
        &lt;/methods&gt;
      &lt;/class&gt; &lt;!-- Testscript.QALegendItemsTest --&gt;
      &lt;class name=&quot;Testscript.QALegendNoteTest&quot;&gt;
        &lt;methods&gt;
          &lt;include name=&quot;addNote&quot;/&gt;
        &lt;/methods&gt;
      &lt;/class&gt; &lt;!-- Testscript.QALegendNoteTest --&gt;
      &lt;class name=&quot;Testscript.QALegendProjectTest&quot;&gt;
        &lt;methods&gt;
          &lt;include name=&quot;addNewproject&quot;/&gt;
        &lt;/methods&gt;
      &lt;/class&gt; &lt;!-- Testscript.QALegendProjectTest --&gt;
      &lt;class name=&quot;Testscript.QALegendTicketsTest&quot;&gt;
        &lt;methods&gt;
          &lt;include name=&quot;deleteTicket&quot;/&gt;
        &lt;/methods&gt;
      &lt;/class&gt; &lt;!-- Testscript.QALegendTicketsTest --&gt;
    &lt;/classes&gt;
  &lt;/test&gt; &lt;!-- Test --&gt;
&lt;/suite&gt; &lt;!-- Suite --&gt;
            </pre>
          </div> <!-- main-panel-content rounded-window-bottom -->
        </div> <!-- panel -->
        <div panel-name="testlist-Suite" class="panel">
          <div class="main-panel-header rounded-window-top">
            <span class="header-content">Tests for Suite</span>
          </div> <!-- main-panel-header rounded-window-top -->
          <div class="main-panel-content rounded-window-bottom">
            <ul>
              <li>
                <span class="test-name">Test (10 classes)</span>
              </li>
            </ul>
          </div> <!-- main-panel-content rounded-window-bottom -->
        </div> <!-- panel -->
        <div panel-name="group-Suite" class="panel">
          <div class="main-panel-header rounded-window-top">
            <span class="header-content">Groups for Suite</span>
          </div> <!-- main-panel-header rounded-window-top -->
          <div class="main-panel-content rounded-window-bottom">
          </div> <!-- main-panel-content rounded-window-bottom -->
        </div> <!-- panel -->
        <div panel-name="times-Suite" class="panel">
          <div class="main-panel-header rounded-window-top">
            <span class="header-content">Times for Suite</span>
          </div> <!-- main-panel-header rounded-window-top -->
          <div class="main-panel-content rounded-window-bottom">
            <div class="times-div">
              <script type="text/javascript">
suiteTableInitFunctions.push('tableData_Suite');
function tableData_Suite() {
var data = new google.visualization.DataTable();
data.addColumn('number', 'Number');
data.addColumn('string', 'Method');
data.addColumn('string', 'Class');
data.addColumn('number', 'Time (ms)');
data.addRows(10);
data.setCell(0, 0, 0)
data.setCell(0, 1, 'deleteTicket')
data.setCell(0, 2, 'Testscript.QALegendTicketsTest')
data.setCell(0, 3, 15297);
data.setCell(1, 0, 1)
data.setCell(1, 1, 'addNote')
data.setCell(1, 2, 'Testscript.QALegendNoteTest')
data.setCell(1, 3, 8422);
data.setCell(2, 0, 2)
data.setCell(2, 1, 'addAlphabetZipCode')
data.setCell(2, 2, 'Testscript.QALegendClientsTest')
data.setCell(2, 3, 6970);
data.setCell(3, 0, 3)
data.setCell(3, 1, 'addExpensesFinance')
data.setCell(3, 2, 'Testscript.QALegendFinanceTest')
data.setCell(3, 3, 5061);
data.setCell(4, 0, 4)
data.setCell(4, 1, 'addNewproject')
data.setCell(4, 2, 'Testscript.QALegendProjectTest')
data.setCell(4, 3, 4563);
data.setCell(5, 0, 5)
data.setCell(5, 1, 'editClientsDetials')
data.setCell(5, 2, 'Testscript.QALegendClientsTest')
data.setCell(5, 3, 3490);
data.setCell(6, 0, 6)
data.setCell(6, 1, 'addEstimateForm')
data.setCell(6, 2, 'Testscript.QALegendEstimateTest')
data.setCell(6, 3, 2984);
data.setCell(7, 0, 7)
data.setCell(7, 1, 'additem')
data.setCell(7, 2, 'Testscript.QALegendItemsTest')
data.setCell(7, 3, 2949);
data.setCell(8, 0, 8)
data.setCell(8, 1, 'deleteItem')
data.setCell(8, 2, 'Testscript.QALegendItemsTest')
data.setCell(8, 3, 2868);
data.setCell(9, 0, 9)
data.setCell(9, 1, 'invoicepayment')
data.setCell(9, 2, 'Testscript.QALegendInvoiceTest')
data.setCell(9, 3, 2482);
window.suiteTableData['Suite']= { tableData: data, tableDiv: 'times-div-Suite'}
return data;
}
              </script>
              <span class="suite-total-time">Total running time: 55 seconds</span>
              <div id="times-div-Suite">
              </div> <!-- times-div-Suite -->
            </div> <!-- times-div -->
          </div> <!-- main-panel-content rounded-window-bottom -->
        </div> <!-- panel -->
        <div panel-name="reporter-Suite" class="panel">
          <div class="main-panel-header rounded-window-top">
            <span class="header-content">Reporter output for Suite</span>
          </div> <!-- main-panel-header rounded-window-top -->
          <div class="main-panel-content rounded-window-bottom">
          </div> <!-- main-panel-content rounded-window-bottom -->
        </div> <!-- panel -->
        <div panel-name="ignored-methods-Suite" class="panel">
          <div class="main-panel-header rounded-window-top">
            <span class="header-content">0 ignored methods</span>
          </div> <!-- main-panel-header rounded-window-top -->
          <div class="main-panel-content rounded-window-bottom">
          </div> <!-- main-panel-content rounded-window-bottom -->
        </div> <!-- panel -->
        <div panel-name="chronological-Suite" class="panel">
          <div class="main-panel-header rounded-window-top">
            <span class="header-content">Methods in chronological order</span>
          </div> <!-- main-panel-header rounded-window-top -->
          <div class="main-panel-content rounded-window-bottom">
            <div class="chronological-class">
              <div class="chronological-class-name">Testscript.QALegendClientsTest</div> <!-- chronological-class-name -->
              <div class="configuration-method before">
                <span class="method-name">browserinitialisation(chrome)</span>
                <span class="method-start">0 ms</span>
              </div> <!-- configuration-method before -->
              <div class="test-method">
                <img src="failed.png">
                </img>
                <span class="method-name">addAlphabetZipCode</span>
                <span class="method-start">8403 ms</span>
              </div> <!-- test-method -->
              <div class="configuration-method after">
                <span class="method-name">AfterMethod([TestResult name=addAlphabetZipCode status=FAILURE method=QALegendClientsTest.addAlphabetZipCode()[p...)</span>
                <span class="method-start">15406 ms</span>
              </div> <!-- configuration-method after -->
              <div class="configuration-method before">
                <span class="method-name">browserinitialisation(chrome)</span>
                <span class="method-start">16429 ms</span>
              </div> <!-- configuration-method before -->
              <div class="test-method">
                <img src="failed.png">
                </img>
                <span class="method-name">editClientsDetials</span>
                <span class="method-start">19338 ms</span>
              </div> <!-- test-method -->
              <div class="configuration-method after">
                <span class="method-name">AfterMethod([TestResult name=editClientsDetials status=FAILURE method=QALegendClientsTest.editClientsDetials()[p...)</span>
                <span class="method-start">22839 ms</span>
              </div> <!-- configuration-method after -->
            </div> <!-- chronological-class -->
            <div class="chronological-class">
              <div class="chronological-class-name">Testscript.QALegendEstimateTest</div> <!-- chronological-class-name -->
              <div class="configuration-method before">
                <span class="method-name">browserinitialisation(chrome)</span>
                <span class="method-start">23540 ms</span>
              </div> <!-- configuration-method before -->
              <div class="test-method">
                <span class="method-name">addEstimateForm</span>
                <span class="method-start">26325 ms</span>
              </div> <!-- test-method -->
              <div class="configuration-method after">
                <span class="method-name">AfterMethod([TestResult name=addEstimateForm status=SUCCESS method=QALegendEstimateTest.addEstimateForm()[pri:0,...)</span>
                <span class="method-start">29310 ms</span>
              </div> <!-- configuration-method after -->
            </div> <!-- chronological-class -->
            <div class="chronological-class">
              <div class="chronological-class-name">Testscript.QALegendFinanceTest</div> <!-- chronological-class-name -->
              <div class="configuration-method before">
                <span class="method-name">browserinitialisation(chrome)</span>
                <span class="method-start">29709 ms</span>
              </div> <!-- configuration-method before -->
              <div class="test-method">
                <img src="failed.png">
                </img>
                <span class="method-name">addExpensesFinance</span>
                <span class="method-start">32261 ms</span>
              </div> <!-- test-method -->
              <div class="configuration-method after">
                <span class="method-name">AfterMethod([TestResult name=addExpensesFinance status=FAILURE method=QALegendFinanceTest.addExpensesFinance()[p...)</span>
                <span class="method-start">37324 ms</span>
              </div> <!-- configuration-method after -->
            </div> <!-- chronological-class -->
            <div class="chronological-class">
              <div class="chronological-class-name">Testscript.QALegendInvoiceTest</div> <!-- chronological-class-name -->
              <div class="configuration-method before">
                <span class="method-name">browserinitialisation(chrome)</span>
                <span class="method-start">37893 ms</span>
              </div> <!-- configuration-method before -->
              <div class="test-method">
                <span class="method-name">invoicepayment</span>
                <span class="method-start">42236 ms</span>
              </div> <!-- test-method -->
              <div class="configuration-method after">
                <span class="method-name">AfterMethod([TestResult name=invoicepayment status=SUCCESS method=QALegendInvoiceTest.invoicepayment()[pri:0, in...)</span>
                <span class="method-start">44720 ms</span>
              </div> <!-- configuration-method after -->
            </div> <!-- chronological-class -->
            <div class="chronological-class">
              <div class="chronological-class-name">Testscript.QALegendItemsTest</div> <!-- chronological-class-name -->
              <div class="configuration-method before">
                <span class="method-name">browserinitialisation(chrome)</span>
                <span class="method-start">45269 ms</span>
              </div> <!-- configuration-method before -->
              <div class="test-method">
                <img src="failed.png">
                </img>
                <span class="method-name">additem</span>
                <span class="method-start">48392 ms</span>
              </div> <!-- test-method -->
              <div class="configuration-method after">
                <span class="method-name">AfterMethod([TestResult name=additem status=FAILURE method=QALegendItemsTest.additem()[pri:0, instance:Testscrip...)</span>
                <span class="method-start">51351 ms</span>
              </div> <!-- configuration-method after -->
              <div class="configuration-method before">
                <span class="method-name">browserinitialisation(chrome)</span>
                <span class="method-start">52797 ms</span>
              </div> <!-- configuration-method before -->
              <div class="test-method">
                <img src="failed.png">
                </img>
                <span class="method-name">deleteItem</span>
                <span class="method-start">56103 ms</span>
              </div> <!-- test-method -->
              <div class="configuration-method after">
                <span class="method-name">AfterMethod([TestResult name=deleteItem status=FAILURE method=QALegendItemsTest.deleteItem()[pri:0, instance:Tes...)</span>
                <span class="method-start">58973 ms</span>
              </div> <!-- configuration-method after -->
            </div> <!-- chronological-class -->
            <div class="chronological-class">
              <div class="chronological-class-name">Testscript.QALegendNoteTest</div> <!-- chronological-class-name -->
              <div class="configuration-method before">
                <span class="method-name">browserinitialisation(chrome)</span>
                <span class="method-start">59854 ms</span>
              </div> <!-- configuration-method before -->
              <div class="test-method">
                <span class="method-name">addNote</span>
                <span class="method-start">62887 ms</span>
              </div> <!-- test-method -->
              <div class="configuration-method after">
                <span class="method-name">AfterMethod([TestResult name=addNote status=SUCCESS method=QALegendNoteTest.addNote()[pri:0, instance:Testscript...)</span>
                <span class="method-start">71310 ms</span>
              </div> <!-- configuration-method after -->
            </div> <!-- chronological-class -->
            <div class="chronological-class">
              <div class="chronological-class-name">Testscript.QALegendProjectTest</div> <!-- chronological-class-name -->
              <div class="configuration-method before">
                <span class="method-name">browserinitialisation(chrome)</span>
                <span class="method-start">72314 ms</span>
              </div> <!-- configuration-method before -->
              <div class="test-method">
                <img src="failed.png">
                </img>
                <span class="method-name">addNewproject</span>
                <span class="method-start">79437 ms</span>
              </div> <!-- test-method -->
              <div class="configuration-method after">
                <span class="method-name">AfterMethod([TestResult name=addNewproject status=FAILURE method=QALegendProjectTest.addNewproject()[pri:0, inst...)</span>
                <span class="method-start">84005 ms</span>
              </div> <!-- configuration-method after -->
            </div> <!-- chronological-class -->
            <div class="chronological-class">
              <div class="chronological-class-name">Testscript.QALegendTicketsTest</div> <!-- chronological-class-name -->
              <div class="configuration-method before">
                <span class="method-name">browserinitialisation(chrome)</span>
                <span class="method-start">84573 ms</span>
              </div> <!-- configuration-method before -->
              <div class="test-method">
                <img src="failed.png">
                </img>
                <span class="method-name">deleteTicket</span>
                <span class="method-start">87825 ms</span>
              </div> <!-- test-method -->
              <div class="configuration-method after">
                <span class="method-name">AfterMethod([TestResult name=deleteTicket status=FAILURE method=QALegendTicketsTest.deleteTicket()[pri:0, instan...)</span>
                <span class="method-start">103125 ms</span>
              </div> <!-- configuration-method after -->
          </div> <!-- main-panel-content rounded-window-bottom -->
        </div> <!-- panel -->
      </div> <!-- main-panel-root -->
    </div> <!-- wrapper -->
  </body>
<script type="text/javascript" src="testng-reports2.js"></script>
</html>
